<?xml version="1.0" encoding="UTF-8"?>
<testsuite xmlns:xsi="http://www.w3.org/2001/XMLSchema-instance" xsi:noNamespaceSchemaLocation="https://maven.apache.org/surefire/maven-surefire-plugin/xsd/surefire-test-report.xsd" name="main.AppTest" time="0.024" tests="11" errors="0" skipped="0" failures="0">
  <properties>
    <property name="java.specification.version" value="17"/>
    <property name="sun.jnu.encoding" value="UTF-8"/>
    <property name="java.class.path" value="/Users/olisajohnnychukwu/Documents/cleansweep/target/test-classes:/Users/olisajohnnychukwu/Documents/cleansweep/target/classes:/Users/olisajohnnychukwu/.m2/repository/junit/junit/4.11/junit-4.11.jar:/Users/olisajohnnychukwu/.m2/repository/org/hamcrest/hamcrest-core/1.3/hamcrest-core-1.3.jar:/Users/olisajohnnychukwu/.m2/repository/org/json/json/20210307/json-20210307.jar:/Users/olisajohnnychukwu/.m2/repository/com/google/code/gson/gson/2.8.8/gson-2.8.8.jar:"/>
    <property name="java.vm.vendor" value="Homebrew"/>
    <property name="sun.arch.data.model" value="64"/>
    <property name="java.vendor.url" value="https://github.com/Homebrew/homebrew-core/issues"/>
    <property name="os.name" value="Mac OS X"/>
    <property name="java.vm.specification.version" value="17"/>
    <property name="sun.java.launcher" value="SUN_STANDARD"/>
    <property name="user.country" value="US"/>
    <property name="sun.boot.library.path" value="/opt/homebrew/Cellar/openjdk/17.0.1/libexec/openjdk.jdk/Contents/Home/lib"/>
    <property name="sun.java.command" value="/Users/olisajohnnychukwu/Documents/cleansweep/target/surefire/surefirebooter3673138857463831043.jar /Users/olisajohnnychukwu/Documents/cleansweep/target/surefire 2021-11-14T18-52-34_479-jvmRun1 surefire11879433437269735613tmp surefire_06781914710588771805tmp"/>
    <property name="http.nonProxyHosts" value="local|*.local|169.254/16|*.169.254/16"/>
    <property name="jdk.debug" value="release"/>
    <property name="surefire.test.class.path" value="/Users/olisajohnnychukwu/Documents/cleansweep/target/test-classes:/Users/olisajohnnychukwu/Documents/cleansweep/target/classes:/Users/olisajohnnychukwu/.m2/repository/junit/junit/4.11/junit-4.11.jar:/Users/olisajohnnychukwu/.m2/repository/org/hamcrest/hamcrest-core/1.3/hamcrest-core-1.3.jar:/Users/olisajohnnychukwu/.m2/repository/org/json/json/20210307/json-20210307.jar:/Users/olisajohnnychukwu/.m2/repository/com/google/code/gson/gson/2.8.8/gson-2.8.8.jar:"/>
    <property name="sun.cpu.endian" value="little"/>
    <property name="user.home" value="/Users/olisajohnnychukwu"/>
    <property name="user.language" value="en"/>
    <property name="java.specification.vendor" value="Oracle Corporation"/>
    <property name="java.version.date" value="2021-10-19"/>
    <property name="java.home" value="/opt/homebrew/Cellar/openjdk/17.0.1/libexec/openjdk.jdk/Contents/Home"/>
    <property name="file.separator" value="/"/>
    <property name="basedir" value="/Users/olisajohnnychukwu/Documents/cleansweep"/>
    <property name="java.vm.compressedOopsMode" value="Zero based"/>
    <property name="line.separator" value="&#10;"/>
    <property name="java.specification.name" value="Java Platform API Specification"/>
    <property name="java.vm.specification.vendor" value="Oracle Corporation"/>
    <property name="surefire.real.class.path" value="/Users/olisajohnnychukwu/Documents/cleansweep/target/surefire/surefirebooter3673138857463831043.jar"/>
    <property name="sun.management.compiler" value="HotSpot 64-Bit Tiered Compilers"/>
    <property name="ftp.nonProxyHosts" value="local|*.local|169.254/16|*.169.254/16"/>
    <property name="java.runtime.version" value="17.0.1+0"/>
    <property name="user.name" value="olisajohnnychukwu"/>
    <property name="path.separator" value=":"/>
    <property name="os.version" value="11.4"/>
    <property name="java.runtime.name" value="OpenJDK Runtime Environment"/>
    <property name="file.encoding" value="UTF-8"/>
    <property name="java.vm.name" value="OpenJDK 64-Bit Server VM"/>
    <property name="java.vendor.version" value="Homebrew"/>
    <property name="localRepository" value="/Users/olisajohnnychukwu/.m2/repository"/>
    <property name="java.vendor.url.bug" value="https://github.com/Homebrew/homebrew-core/issues"/>
    <property name="java.io.tmpdir" value="/var/folders/84/c5jngrjd7kq6lh6d1yfw28k40000gn/T/"/>
    <property name="java.version" value="17.0.1"/>
    <property name="user.dir" value="/Users/olisajohnnychukwu/Documents/cleansweep"/>
    <property name="os.arch" value="aarch64"/>
    <property name="java.vm.specification.name" value="Java Virtual Machine Specification"/>
    <property name="native.encoding" value="UTF-8"/>
    <property name="java.library.path" value="/Users/olisajohnnychukwu/Library/Java/Extensions:/Library/Java/Extensions:/Network/Library/Java/Extensions:/System/Library/Java/Extensions:/usr/lib/java:."/>
    <property name="java.vm.info" value="mixed mode, sharing"/>
    <property name="java.vendor" value="Homebrew"/>
    <property name="java.vm.version" value="17.0.1+0"/>
    <property name="sun.io.unicode.encoding" value="UnicodeBig"/>
    <property name="socksNonProxyHosts" value="local|*.local|169.254/16|*.169.254/16"/>
    <property name="java.class.version" value="61.0"/>
  </properties>
  <testcase name="dontFindpathtoCellWithCloseddoor" classname="main.AppTest" time="0.004"/>
  <testcase name="shouldAnswerWithTrue" classname="main.AppTest" time="0"/>
  <testcase name="buildWalls" classname="main.AppTest" time="0"/>
  <testcase name="getPath" classname="main.AppTest" time="0"/>
  <testcase name="getTileType" classname="main.AppTest" time="0"/>
  <testcase name="chargingPoints" classname="main.AppTest" time="0.005"/>
  <testcase name="neighbours" classname="main.AppTest" time="0"/>
  <testcase name="getNumber" classname="main.AppTest" time="0"/>
  <testcase name="getCellType" classname="main.AppTest" time="0"/>
  <testcase name="passable" classname="main.AppTest" time="0"/>
  <testcase name="shortestPathTest" classname="main.AppTest" time="0.001"/>
</testsuite>